[g4kz@atn1mg4 build]$ cmake .. -DCMAKE_BUILD_TYPE=Release -DCMAKE_INSTALL_PREFIX=/nethome/prosei_d/Prosei/local/tesseract -DCMAKE_PREFIX_PATH=/nethome/prosei_d/Prosei/local/tesseract -DHAVE_AVX512F=OFF -DHAVE_AVX512BW=OFF -DHAVE_AVX512DQ=OFF -DHAVE_AVX512VL=OFF
-- The C compiler identification is GNU 6.2.0
-- The CXX compiler identification is GNU 6.2.0
-- Detecting C compiler ABI info
-- Detecting C compiler ABI info - done
-- Check for working C compiler: /netprodapps/prod_apps/gcc/6.2.0/bin/gcc - skipped
-- Detecting C compile features
-- Detecting C compile features - done
-- Detecting CXX compiler ABI info
-- Detecting CXX compiler ABI info - done
-- Check for working CXX compiler: /netprodapps/prod_apps/gcc/6.2.0/bin/c++ - skipped
-- Detecting CXX compile features
-- Detecting CXX compile features - done
-- Configuring tesseract version 5.5.2-4-g6d173...
-- IPO / LTO supported
-- CMAKE_SYSTEM_PROCESSOR=<x86_64>
-- Performing Test HAVE_AVX
-- Performing Test HAVE_AVX - Success
-- Performing Test HAVE_AVX2
-- Performing Test HAVE_AVX2 - Success
-- Performing Test HAVE_FMA
-- Performing Test HAVE_FMA - Success
-- Performing Test HAVE_SSE4_1
-- Performing Test HAVE_SSE4_1 - Success
-- Performing Test OPENMP_SIMD
-- Performing Test OPENMP_SIMD - Success
-- ccache not found, disabling ccache support
-- Found PkgConfig: /usr/bin/pkg-config (found version "1.4.2")
-- Found leptonica version: 1.88.0
-- Testing TIFF support in Leptonica is available with CMake >= 3.25 (you have 3.23.2))
-- Found TIFF: /usr/lib64/libtiff.so (found version "4.0.9")
-- Could NOT find LibArchive (missing: LibArchive_LIBRARY LibArchive_INCLUDE_DIR)
-- Checking for module 'libarchive'
--   Package 'libarchive', required by 'virtual:world', not found
-- Could NOT find CURL (missing: CURL_LIBRARY CURL_INCLUDE_DIR)
-- Checking for module 'libcurl'
--   Package 'libcurl', required by 'virtual:world', not found
-- Looking for feenableexcept
-- Looking for feenableexcept - found
--
-- General configuration for Tesseract 5.5.2-4-g6d173
-- --------------------------------------------------------
-- Build type: Release 64 bits
-- Compiler: GNU
-- Compiler version: 6.2.0
-- Used standard: C++17
-- CXX compiler options:  -O3 -DNDEBUG
-- Compile definitions = HAVE_AVX;HAVE_AVX2;HAVE_FMA;HAVE_SSE4_1;OPENMP_SIMD;CMAKE_BUILD;HAVE_CONFIG_H
-- Linker options:
-- Install directory: /nethome/prosei_d/Prosei/local/tesseract
-- HAVE_AVX: 1
-- HAVE_AVX2: 1
-- HAVE_AVX512F: OFF
-- HAVE_FMA: 1
-- HAVE_SSE4_1: 1
-- MARCH_NATIVE_OPT: OFF
-- HAVE_NEON: FALSE
-- Link-time optimization: FALSE
-- --------------------------------------------------------
-- Build with sw [SW_BUILD]: OFF
-- Build with openmp support [OPENMP_BUILD]: OFF
-- Build with libarchive support [HAVE_LIBARCHIVE]:
-- Build with libcurl support [HAVE_LIBCURL]:
-- Enable float for LSTM [FAST_FLOAT]: ON
-- Enable optimization for host CPU (could break HW compatibility) [ENABLE_NATIVE]: OFF
-- Disable disable graphics (ScrollView) [GRAPHICS_DISABLED]: OFF
-- Disable the legacy OCR engine [DISABLED_LEGACY_ENGINE]: OFF
-- Build training tools [BUILD_TRAINING_TOOLS]: ON
-- Build tests [BUILD_TESTS]: OFF
-- Use system ICU Library [USE_SYSTEM_ICU]: OFF
-- Install tesseract configs [INSTALL_CONFIGS]: ON
-- --------------------------------------------------------
-- Modern build optimizations:
-- Unity build [ENABLE_UNITY_BUILD]: OFF
-- Precompiled headers [ENABLE_PRECOMPILED_HEADERS]: ON
-- ccache [ENABLE_CCACHE]: OFF
-- Ninja job pools [ENABLE_NINJA_POOL]: Disabled (not using Ninja)
-- --------------------------------------------------------
--
-- Precompiled headers enabled for libtesseract (excluding architecture-specific files)
-- Checking for modules 'icu-uc;icu-i18n'
--   Found icu-uc, version 60.3
--   Found icu-i18n, version 60.3
>> ICU_FOUND 1  icui18n;icuuc;icudata
-- Precompiled headers enabled for common_training
-- Performing Test COMPILER_HAS_HIDDEN_VISIBILITY
-- Performing Test COMPILER_HAS_HIDDEN_VISIBILITY - Success
-- Performing Test COMPILER_HAS_HIDDEN_INLINE_VISIBILITY
-- Performing Test COMPILER_HAS_HIDDEN_INLINE_VISIBILITY - Success
-- Performing Test COMPILER_HAS_DEPRECATED_ATTR
-- Performing Test COMPILER_HAS_DEPRECATED_ATTR - Success
-- Checking for modules 'pango>=1.38.0;cairo;pangoft2;pangocairo;fontconfig'
--   Found pango, version 1.42.3
--   Found cairo, version 1.15.12
--   Found pangoft2, version 1.42.3
--   Found pangocairo, version 1.42.3
--   Found fontconfig, version 2.13.1
-- Configuring done
-- Generating done
CMake Warning:
  Manually-specified variables were not used by the project:

    HAVE_AVX512BW
    HAVE_AVX512DQ
    HAVE_AVX512VL


-- Build files have been written to: /nethome/prosei_d/Prosei/local/tesseract-src/build
[g4kz@atn1mg4 build]$ /nethome/prosei_d/Prosei/local/tesseract/bin/tesseract --version
-bash: /nethome/prosei_d/Prosei/local/tesseract/bin/tesseract: No such file or directory
[g4kz@atn1mg4 build]$ make -j8
[  0%] Building CXX object CMakeFiles/libtesseract.dir/cmake_pch.hxx.gch
[  0%] Building CXX object CMakeFiles/libtesseract.dir/src/arch/dotproduct.cpp.o
[  1%] Building CXX object CMakeFiles/libtesseract.dir/src/arch/intsimdmatrixavx2.cpp.o
[  1%] Building CXX object CMakeFiles/libtesseract.dir/src/arch/dotproductfma.cpp.o
[  2%] Building CXX object CMakeFiles/libtesseract.dir/src/arch/dotproductavx.cpp.o
[  2%] Building CXX object CMakeFiles/libtesseract.dir/src/arch/intsimdmatrixsse.cpp.o
[  2%] Building CXX object CMakeFiles/libtesseract.dir/src/arch/dotproductsse.cpp.o
[  5%] Building CXX object CMakeFiles/libtesseract.dir/src/api/altorenderer.cpp.o
[  5%] Building CXX object CMakeFiles/libtesseract.dir/src/api/capi.cpp.o
[  5%] Building CXX object CMakeFiles/libtesseract.dir/src/api/lstmboxrenderer.cpp.o
[  5%] Building CXX object CMakeFiles/libtesseract.dir/src/api/pagerenderer.cpp.o
[  5%] Building CXX object CMakeFiles/libtesseract.dir/src/api/baseapi.cpp.o
[  5%] Building CXX object CMakeFiles/libtesseract.dir/src/api/pdfrenderer.cpp.o
[  5%] Building CXX object CMakeFiles/libtesseract.dir/src/api/renderer.cpp.o
[  5%] Building CXX object CMakeFiles/libtesseract.dir/src/api/hocrrenderer.cpp.o
In file included from /nethome/prosei_d/Prosei/local/tesseract-src/src/api/renderer.cpp:26:0:
/nethome/prosei_d/Prosei/local/tesseract-src/src/ccutil/serialis.h: In member function ‘bool tesseract::TFile::DeSerialize(std::vector<T>&)’:
/nethome/prosei_d/Prosei/local/tesseract-src/src/ccutil/serialis.h:99:15: error: expected ‘(’ before constexpr’
     } else if constexpr (std::is_same<T, std::string>::value) {
               ^~~~~~~~~
/nethome/prosei_d/Prosei/local/tesseract-src/src/ccutil/serialis.h:143:3: error: expected ‘}’ at end of input
   }
   ^
/nethome/prosei_d/Prosei/local/tesseract-src/src/ccutil/serialis.h: In member function ‘bool tesseract::TFile::Serialize(const std::vector<T>&)’:
/nethome/prosei_d/Prosei/local/tesseract-src/src/ccutil/serialis.h:158:15: error: expected ‘(’ before ‘constexpr’
     } else if constexpr (std::is_same<T, std::string>::value) {
               ^~~~~~~~~
/nethome/prosei_d/Prosei/local/tesseract-src/src/ccutil/serialis.h:190:3: error: expected ‘}’ at end of input
   }
   ^
In file included from /nethome/prosei_d/Prosei/local/tesseract-src/src/ccutil/helpers.h:31:0,
                 from /nethome/prosei_d/Prosei/local/tesseract-src/src/api/altorenderer.cpp:17:
/nethome/prosei_d/Prosei/local/tesseract-src/src/ccutil/serialis.h: In member function ‘bool tesseract::TFile::DeSerialize(std::vector<T>&)’:
/nethome/prosei_d/Prosei/local/tesseract-src/src/ccutil/serialis.h:99:15: error: expected ‘(’ before constexpr’
     } else if constexpr (std::is_same<T, std::string>::value) {
               ^~~~~~~~~
/nethome/prosei_d/Prosei/local/tesseract-src/src/ccutil/serialis.h:143:3: error: expected ‘}’ at end of input
   }
   ^
/nethome/prosei_d/Prosei/local/tesseract-src/src/ccutil/serialis.h: In member function ‘bool tesseract::TFile::Serialize(const std::vector<T>&)’:
/nethome/prosei_d/Prosei/local/tesseract-src/src/ccutil/serialis.h:158:15: error: expected ‘(’ before ‘constexpr’
     } else if constexpr (std::is_same<T, std::string>::value) {
               ^~~~~~~~~
/nethome/prosei_d/Prosei/local/tesseract-src/src/ccutil/serialis.h:190:3: error: expected ‘}’ at end of input
   }
   ^
In file included from /nethome/prosei_d/Prosei/local/tesseract-src/src/api/altorenderer.cpp:17:0:
/nethome/prosei_d/Prosei/local/tesseract-src/src/ccutil/helpers.h: In function ‘bool tesseract::Serialize(FILE*, const std::vector<T>&)’:
/nethome/prosei_d/Prosei/local/tesseract-src/src/ccutil/helpers.h:254:13: error: expected ‘(’ before constexpr’
   } else if constexpr (std::is_class<T>::value) {
             ^~~~~~~~~
/nethome/prosei_d/Prosei/local/tesseract-src/src/api/altorenderer.cpp:274:1: error: expected ‘}’ at end of input
 } // namespace tesseract
 ^
/nethome/prosei_d/Prosei/local/tesseract-src/src/api/altorenderer.cpp: At global scope:
/nethome/prosei_d/Prosei/local/tesseract-src/src/api/altorenderer.cpp:274:1: error: expected ‘}’ at end of input
make[2]: *** [CMakeFiles/libtesseract.dir/build.make:205: CMakeFiles/libtesseract.dir/src/api/renderer.cpp.o] Error 1
make[2]: *** Waiting for unfinished jobs....
make[2]: *** [CMakeFiles/libtesseract.dir/build.make:93: CMakeFiles/libtesseract.dir/src/api/altorenderer.cpp.o] Error 1
/nethome/prosei_d/Prosei/local/tesseract-src/src/api/pdfrenderer.cpp:37:23: fatal error: string_view: No such file or directory
 #include <string_view>
                       ^
compilation terminated.
make[2]: *** [CMakeFiles/libtesseract.dir/build.make:189: CMakeFiles/libtesseract.dir/src/api/pdfrenderer.cpp.o] Error 1
In file included from /nethome/prosei_d/Prosei/local/tesseract-src/src/ccutil/helpers.h:31:0,
                 from /nethome/prosei_d/Prosei/local/tesseract-src/src/api/lstmboxrenderer.cpp:21:
/nethome/prosei_d/Prosei/local/tesseract-src/src/ccutil/serialis.h: In member function ‘bool tesseract::TFile::DeSerialize(std::vector<T>&)’:
/nethome/prosei_d/Prosei/local/tesseract-src/src/ccutil/serialis.h:99:15: error: expected ‘(’ before constexpr’
     } else if constexpr (std::is_same<T, std::string>::value) {
               ^~~~~~~~~
/nethome/prosei_d/Prosei/local/tesseract-src/src/ccutil/serialis.h:143:3: error: expected ‘}’ at end of input
   }
   ^
/nethome/prosei_d/Prosei/local/tesseract-src/src/ccutil/serialis.h: In member function ‘bool tesseract::TFile::Serialize(const std::vector<T>&)’:
/nethome/prosei_d/Prosei/local/tesseract-src/src/ccutil/serialis.h:158:15: error: expected ‘(’ before ‘constexpr’
     } else if constexpr (std::is_same<T, std::string>::value) {
               ^~~~~~~~~
/nethome/prosei_d/Prosei/local/tesseract-src/src/ccutil/serialis.h:190:3: error: expected ‘}’ at end of input
   }
   ^
In file included from /nethome/prosei_d/Prosei/local/tesseract-src/src/api/lstmboxrenderer.cpp:21:0:
/nethome/prosei_d/Prosei/local/tesseract-src/src/ccutil/helpers.h: In function ‘bool tesseract::Serialize(FILE*, const std::vector<T>&)’:
/nethome/prosei_d/Prosei/local/tesseract-src/src/ccutil/helpers.h:254:13: error: expected ‘(’ before constexpr’
   } else if constexpr (std::is_class<T>::value) {
             ^~~~~~~~~
/nethome/prosei_d/Prosei/local/tesseract-src/src/api/lstmboxrenderer.cpp:106:1: error: expected ‘}’ at end of input
 } // namespace tesseract.
 ^
/nethome/prosei_d/Prosei/local/tesseract-src/src/api/lstmboxrenderer.cpp: At global scope:
/nethome/prosei_d/Prosei/local/tesseract-src/src/api/lstmboxrenderer.cpp:106:1: error: expected ‘}’ at end of input
In file included from /nethome/prosei_d/Prosei/local/tesseract-src/src/ccutil/helpers.h:31:0,
                 from /nethome/prosei_d/Prosei/local/tesseract-src/src/api/hocrrenderer.cpp:25:
/nethome/prosei_d/Prosei/local/tesseract-src/src/ccutil/serialis.h: In member function ‘bool tesseract::TFile::DeSerialize(std::vector<T>&)’:
/nethome/prosei_d/Prosei/local/tesseract-src/src/ccutil/serialis.h:99:15: error: expected ‘(’ before constexpr’
     } else if constexpr (std::is_same<T, std::string>::value) {
               ^~~~~~~~~
/nethome/prosei_d/Prosei/local/tesseract-src/src/ccutil/serialis.h:143:3: error: expected ‘}’ at end of input
   }
   ^
/nethome/prosei_d/Prosei/local/tesseract-src/src/ccutil/serialis.h: In member function ‘bool tesseract::TFile::Serialize(const std::vector<T>&)’:
/nethome/prosei_d/Prosei/local/tesseract-src/src/ccutil/serialis.h:158:15: error: expected ‘(’ before ‘constexpr’
     } else if constexpr (std::is_same<T, std::string>::value) {
               ^~~~~~~~~
/nethome/prosei_d/Prosei/local/tesseract-src/src/ccutil/serialis.h:190:3: error: expected ‘}’ at end of input
   }
   ^
In file included from /nethome/prosei_d/Prosei/local/tesseract-src/src/api/hocrrenderer.cpp:25:0:
/nethome/prosei_d/Prosei/local/tesseract-src/src/ccutil/helpers.h: In function ‘bool tesseract::Serialize(FILE*, const std::vector<T>&)’:
/nethome/prosei_d/Prosei/local/tesseract-src/src/ccutil/helpers.h:254:13: error: expected ‘(’ before constexpr’
   } else if constexpr (std::is_class<T>::value) {
             ^~~~~~~~~
/nethome/prosei_d/Prosei/local/tesseract-src/src/api/hocrrenderer.cpp:524:1: error: expected ‘}’ at end of input
 } // namespace tesseract
 ^
/nethome/prosei_d/Prosei/local/tesseract-src/src/api/hocrrenderer.cpp: At global scope:
/nethome/prosei_d/Prosei/local/tesseract-src/src/api/hocrrenderer.cpp:524:1: error: expected ‘}’ at end of input
/nethome/prosei_d/Prosei/local/tesseract-src/src/api/baseapi.cpp:67:45: fatal error: filesystem: No such file or directory
 #include <filesystem> // for std::filesystem
                                             ^
compilation terminated.
make[2]: *** [CMakeFiles/libtesseract.dir/build.make:109: CMakeFiles/libtesseract.dir/src/api/baseapi.cpp.o] Error 1
make[2]: *** [CMakeFiles/libtesseract.dir/build.make:157: CMakeFiles/libtesseract.dir/src/api/lstmboxrenderer.cpp.o] Error 1
make[2]: *** [CMakeFiles/libtesseract.dir/build.make:141: CMakeFiles/libtesseract.dir/src/api/hocrrenderer.cpp.o] Error 1
In file included from /nethome/prosei_d/Prosei/local/tesseract-src/src/ccutil/helpers.h:31:0,
                 from /nethome/prosei_d/Prosei/local/tesseract-src/src/api/pagerenderer.cpp:17:
/nethome/prosei_d/Prosei/local/tesseract-src/src/ccutil/serialis.h: In member function ‘bool tesseract::TFile::DeSerialize(std::vector<T>&)’:
/nethome/prosei_d/Prosei/local/tesseract-src/src/ccutil/serialis.h:99:15: error: expected ‘(’ before constexpr’
     } else if constexpr (std::is_same<T, std::string>::value) {
               ^~~~~~~~~
/nethome/prosei_d/Prosei/local/tesseract-src/src/ccutil/serialis.h:143:3: error: expected ‘}’ at end of input
   }
   ^
/nethome/prosei_d/Prosei/local/tesseract-src/src/ccutil/serialis.h: In member function ‘bool tesseract::TFile::Serialize(const std::vector<T>&)’:
/nethome/prosei_d/Prosei/local/tesseract-src/src/ccutil/serialis.h:158:15: error: expected ‘(’ before ‘constexpr’
     } else if constexpr (std::is_same<T, std::string>::value) {
               ^~~~~~~~~
/nethome/prosei_d/Prosei/local/tesseract-src/src/ccutil/serialis.h:190:3: error: expected ‘}’ at end of input
   }
   ^
In file included from /nethome/prosei_d/Prosei/local/tesseract-src/src/api/pagerenderer.cpp:17:0:
/nethome/prosei_d/Prosei/local/tesseract-src/src/ccutil/helpers.h: In function ‘bool tesseract::Serialize(FILE*, const std::vector<T>&)’:
/nethome/prosei_d/Prosei/local/tesseract-src/src/ccutil/helpers.h:254:13: error: expected ‘(’ before constexpr’
   } else if constexpr (std::is_class<T>::value) {
             ^~~~~~~~~
/nethome/prosei_d/Prosei/local/tesseract-src/src/api/pagerenderer.cpp:1132:1: error: expected ‘}’ at end of input
 } // namespace tesseract
 ^
/nethome/prosei_d/Prosei/local/tesseract-src/src/api/pagerenderer.cpp: At global scope:
/nethome/prosei_d/Prosei/local/tesseract-src/src/api/pagerenderer.cpp:1132:1: error: expected ‘}’ at end of input
make[2]: *** [CMakeFiles/libtesseract.dir/build.make:173: CMakeFiles/libtesseract.dir/src/api/pagerenderer.cpp.o] Error 1
make[1]: *** [CMakeFiles/Makefile2:137: CMakeFiles/libtesseract.dir/all] Error 2
make: *** [Makefile:136: all] Error 2
